
Showing logs for build [32mjenkins-x-labs-bot-bdd-gh-15863-v7cmp-1[0m stage [32mfrom-build-pack[0m and container [32mstep-credential-initializer-49c57[0m
{"level":"warn","ts":1586391610.7976463,"logger":"fallback-logger","caller":"logging/config.go:69","msg":"Fetch GitHub commit ID from kodata failed: \"ref: refs/heads/0.8.0-**-support-backwards-incompats\" is not a valid GitHub commit ID"}
{"level":"info","ts":1586391610.7980876,"logger":"fallback-logger","caller":"creds-init/main.go:40","msg":"Credentials initialized."}

Showing logs for build [32mjenkins-x-labs-bot-bdd-gh-15863-v7cmp-1[0m stage [32mfrom-build-pack[0m and container [32mstep-working-dir-initializer-xch6f[0m
{"level":"warn","ts":1586391611.1561716,"logger":"fallback-logger","caller":"logging/config.go:69","msg":"Fetch GitHub commit ID from kodata failed: open /var/run/ko/HEAD: no such file or directory"}
{"level":"info","ts":1586391611.1573594,"logger":"fallback-logger","caller":"bash/main.go:64","msg":"Successfully executed command \"sh -c mkdir -p /workspace/source\"; output "}

Showing logs for build [32mjenkins-x-labs-bot-bdd-gh-15863-v7cmp-1[0m stage [32mfrom-build-pack[0m and container [32mstep-place-tools[0m

Showing logs for build [32mjenkins-x-labs-bot-bdd-gh-15863-v7cmp-1[0m stage [32mfrom-build-pack[0m and container [32mstep-git-source-jenkins-x-labs-bot-bdd-gh-15863-v7cmp-l7rgl[0m
{"level":"warn","ts":1586391681.078145,"logger":"fallback-logger","caller":"logging/config.go:69","msg":"Fetch GitHub commit ID from kodata failed: \"ref: refs/heads/0.8.0-**-support-backwards-incompats\" is not a valid GitHub commit ID"}
{"level":"info","ts":1586391682.195851,"logger":"fallback-logger","caller":"git/git.go:103","msg":"Successfully cloned https://github.com/******************/bdd-gh-1586391470.git @ v0.0.1 in path /workspace/source"}

Showing logs for build [32mjenkins-x-labs-bot-bdd-gh-15863-v7cmp-1[0m stage [32mfrom-build-pack[0m and container [32mstep-git-merge[0m
Using SHAs from PULL_REFS=master:
WARNING: no SHAs to merge, falling back to initial cloned commit

Showing logs for build [32mjenkins-x-labs-bot-bdd-gh-15863-v7cmp-1[0m stage [32mfrom-build-pack[0m and container [32mstep-setup-jx-git-credentials[0m
Generated Git credentials file /workspace/xdg_config/git/credentials

Showing logs for build [32mjenkins-x-labs-bot-bdd-gh-15863-v7cmp-1[0m stage [32mfrom-build-pack[0m and container [32mstep-build-make-build[0m
CGO_ENABLED=0 GO15VENDOREXPERIMENT=1 go build -ldflags '' -o bin/bdd-gh-1586391470 main.go

Showing logs for build [32mjenkins-x-labs-bot-bdd-gh-15863-v7cmp-1[0m stage [32mfrom-build-pack[0m and container [32mstep-build-container-build[0m
ERROR: logging before flag.Parse: E0409 00:21:35.360629      12 metadata.go:241] Failed to unmarshal scopes: invalid character 'h' looking for beginning of value
[36mINFO[0m[0000] No base image, nothing to extract            
[36mINFO[0m[0000] cmd: EXPOSE                                  
[36mINFO[0m[0000] Adding exposed port: 8080/tcp                
[36mINFO[0m[0000] Using files from context: [/workspace/source/bin] 
[36mINFO[0m[0000] Skipping unpacking as no commands require it. 
[36mINFO[0m[0000] Taking snapshot of full filesystem...        
[36mINFO[0m[0000] EXPOSE 8080                                  
[36mINFO[0m[0000] cmd: EXPOSE                                  
[36mINFO[0m[0000] Adding exposed port: 8080/tcp                
[36mINFO[0m[0000] No files changed in this command, skipping snapshotting. 
[36mINFO[0m[0000] ENTRYPOINT ["/bdd-gh-1586391470"]            
[36mINFO[0m[0000] No files changed in this command, skipping snapshotting. 
[36mINFO[0m[0000] Using files from context: [/workspace/source/bin] 
[36mINFO[0m[0000] COPY ./bin/ /                                
[36mINFO[0m[0000] Taking snapshot of files...                  
2020/04/09 00:21:39 pushed blob: sha256:95d75b44b67235691ba8fa9ae19543cbe520a7914949c0ca59ace40d89f6409c
2020/04/09 00:21:39 pushed blob: sha256:311f2a1f39b52cd764a09661c2f7731731f335b503bb3fca913180fbc31211cd
2020/04/09 00:21:41 gcr.io/jenkins-x-labs-bdd/bdd-gh-1586391470:0.0.1: digest: sha256:a0bf4e1281bc6e8db302790fe9c1d2fa47a4527d7df0b418bcd6ec394e6e42ea size: 428

Showing logs for build [32mjenkins-x-labs-bot-bdd-gh-15863-v7cmp-1[0m stage [32mfrom-build-pack[0m and container [32mstep-build-post-build[0m
no CVE provider running in the current ** namespace so skip adding image to be analysed

Showing logs for build [32mjenkins-x-labs-bot-bdd-gh-15863-v7cmp-1[0m stage [32mfrom-build-pack[0m and container [32mstep-promote-changelog[0m
Converted /workspace/source/charts/bdd-gh-1586391470 to an unshallow repository
Generating change log from git ref 9cd0bfa0667ed19834e8d8eb4086de2ee757f679 => 1d3e18dd9f159064fc8b862bab899e6cdfb17698
Associating user x-0 in users.jenkins.io with email jenkins-x@googlegroups.com to git GitProvider user with login -0 as emails match
Adding label jenkins.io/git-github-userid=-0 to user x-0 in users.jenkins.io
WARNING: Failed to enrich commit 1ae37031efdad021234d133f5a317f8743128839 with issues: User.jenkins.io "x-0" is invalid: metadata.labels: Invalid value: "-0": a valid label must be an empty string or consist of alphanumeric characters, '-', '_' or '.', and must start and end with an alphanumeric character (e.g. 'MyValue',  or 'my_value',  or '12345', regex used for validation is '(([A-Za-z0-9][-A-Za-z0-9_.]*)?[A-Za-z0-9])?')
Finding issues in commit messages using git format
WARNING: No release found for ******************/bdd-gh-1586391470 and tag v0.0.1 so creating a new release
Updated the release information at https://github.com/******************/bdd-gh-1586391470/releases/tag/v0.0.1
generated: /workspace/source/charts/bdd-gh-1586391470/templates/release.yaml
Created Release bdd-gh-1586391470-0-0-1 resource in namespace **
Updating PipelineActivity ******************-bdd-gh-1586391470-master-1 with version 0.0.1
Updated PipelineActivities ******************-bdd-gh-1586391470-master-1 with release notes URL: https://github.com/******************/bdd-gh-1586391470/releases/tag/v0.0.1

Showing logs for build [32mjenkins-x-labs-bot-bdd-gh-15863-v7cmp-1[0m stage [32mfrom-build-pack[0m and container [32mstep-promote-helm-release[0m
WARNING: No $CHART_REPOSITORY defined so using the default value of: http://jenkins-x-chartmuseum:8080
Adding missing Helm repo: storage.googleapis.com https://storage.googleapis.com/chartmuseum.jenkins-x.io
Successfully added Helm repository storage.googleapis.com.
Adding missing Helm repo: jenkins-x-chartmuseum http://jenkins-x-chartmuseum:8080
Successfully added Helm repository jenkins-x-chartmuseum.
WARNING: No $CHART_REPOSITORY defined so using the default value of: http://jenkins-x-chartmuseum:8080
Uploading chart file bdd-gh-1586391470-0.0.1.tgz to http://jenkins-x-chartmuseum:8080/api/charts
Received 201 response: {"saved":true}

Showing logs for build [32mjenkins-x-labs-bot-bdd-gh-15863-v7cmp-1[0m stage [32mfrom-build-pack[0m and container [32mstep-promote-jx-promote[0m
WARNING: prow based install so skip waiting for the merge of Pull Requests to go green as currently there is an issue with gettingstatuses from the PR, see https://github.com/jenkins-x/**/issues/2410
WARNING: No $CHART_REPOSITORY defined so using the default value of: http://jenkins-x-chartmuseum:8080
Promoting app bdd-gh-1586391470 version 0.0.1 to namespace **-staging
WARNING: could not find upstream git URL failed to unmarshal  due to no GitConfDir defined
Created Pull Request: https://github.com/******************/environment-pr-81-4-bdd-vault-staging/pull/1
Added label updatebot to Pull Request https://github.com/******************/environment-pr-81-4-bdd-vault-staging/pull/1
got git provider status pending from PR https://github.com/******************/environment-pr-81-4-bdd-vault-staging/pull/1
got git provider status pending from PR https://github.com/******************/environment-pr-81-4-bdd-vault-staging/pull/1
got git provider status pending from PR https://github.com/******************/environment-pr-81-4-bdd-vault-staging/pull/1
got git provider status pending from PR https://github.com/******************/environment-pr-81-4-bdd-vault-staging/pull/1
Pull Request https://github.com/******************/environment-pr-81-4-bdd-vault-staging/pull/1 is merged at sha c1a822cb3044008c1da9ee951c8963d72d4440f6
Pull Request merged but we are not waiting for the update pipeline to complete!
WARNING: Could not find the service URL in namespace **-staging for names bdd-gh-1586391470, **-bdd-gh-1586391470, **-staging-bdd-gh-1586391470
